[0m[[0m[0mdebug[0m] [0m[0m> Exec(reload, None, None)[0m
[0m[[0m[0mdebug[0m] [0m[0m> Exec(sbtStashOnFailure, None, None)[0m
[0m[[0m[0mdebug[0m] [0m[0m> Exec(onFailure loadFailed, None, None)[0m
[0m[[0m[0mdebug[0m] [0m[0m> Exec(loadp, None, None)[0m
[0m[[0m[0minfo[0m] [0m[0mwelcome to sbt 1.8.2 (AdoptOpenJDK Java 1.8.0_292)[0m
[0m[[0m[0mdebug[0m] [0m[0m                  Load.defaultLoad until apply took 5.055916ms[0m
[0m[[0m[0mdebug[0m] [0m[0m                                  Load.loadUnit: plugins took 17.743208ms[0m
[0m[[0m[0mdebug[0m] [0m[0m                                  Load.loadUnit: defsScala took 0.001917ms[0m
[0m[[0m[0mdebug[0m] [0m[0m[Loading] Scanning directory /Users/coreycosman/sbt-tutorial/project/project[0m
[0m[[0m[0mdebug[0m] [0m[0m                                    Load.loadUnit: mkEval took 0.390875ms[0m
[0m[[0m[0mdebug[0m] [0m[0m[Loading] Found non-root projects [0m
[0m[[0m[0mdebug[0m] [0m[0m[Loading] Done in /Users/coreycosman/sbt-tutorial/project/project, returning: ()[0m
[0m[[0m[0mdebug[0m] [0m[0mdeducing auto plugins based on known facts Set(Atom(sbt.plugins.CorePlugin)) and clauses Clauses(Clause(Atom(sbt.plugins.JvmPlugin),Set(Atom(sbt.plugins.IvyPlugin)))[0m
[0m[[0m[0mdebug[0m] [0m[0mClause(Atom(sbt.ScriptedPlugin),Set(Atom(sbt.plugins.JvmPlugin)))[0m
[0m[[0m[0mdebug[0m] [0m[0mClause(Atom(sbt.plugins.SbtPlugin),Set(Atom(sbt.ScriptedPlugin)))[0m
[0m[[0m[0mdebug[0m] [0m[0mClause(Atom(sbt.plugins.SemanticdbPlugin),Set(Atom(sbt.plugins.JvmPlugin)))[0m
[0m[[0m[0mdebug[0m] [0m[0mClause(Atom(sbt.plugins.JUnitXmlReportPlugin),Set(Atom(sbt.plugins.JvmPlugin)))[0m
[0m[[0m[0mdebug[0m] [0m[0mClause(Atom(sbt.plugins.MiniDependencyTreePlugin),Set(Atom(sbt.plugins.JvmPlugin)))[0m
[0m[[0m[0mdebug[0m] [0m[0mClause(Atom(sbt.plugins.CorePlugin),Set(Atom(sbt.plugins.IvyPlugin)))[0m
[0m[[0m[0mdebug[0m] [0m[0mClause(Atom(sbt.plugins.IvyPlugin),Set(Atom(sbt.plugins.JvmPlugin)))[0m
[0m[[0m[0mdebug[0m] [0m[0mClause(Atom(sbt.plugins.JvmPlugin),Set(Atom(sbt.plugins.SemanticdbPlugin)))[0m
[0m[[0m[0mdebug[0m] [0m[0mClause(Atom(sbt.plugins.JvmPlugin),Set(Atom(sbt.plugins.JUnitXmlReportPlugin)))[0m
[0m[[0m[0mdebug[0m] [0m[0mClause(Atom(sbt.plugins.CorePlugin),Set(Atom(sbt.plugins.Giter8TemplatePlugin)))[0m
[0m[[0m[0mdebug[0m] [0m[0mClause(Atom(sbt.plugins.JvmPlugin),Set(Atom(sbt.plugins.MiniDependencyTreePlugin))))[0m
[0m[[0m[0mdebug[0m] [0m[0m  :: deduced result: Matched(sbt.plugins.CorePlugin,sbt.plugins.Giter8TemplatePlugin,sbt.plugins.IvyPlugin,sbt.plugins.JvmPlugin,sbt.plugins.MiniDependencyTreePlugin,sbt.plugins.JUnitXmlReportPlugin,sbt.plugins.SemanticdbPlugin)[0m
[0m[[0m[0mdebug[0m] [0m[0mPlugins.deducer#function took 2.291917 ms[0m
[0m[[0m[0minfo[0m] [0m[0mloading settings for project sbt-tutorial-build-build from metals.sbt ...[0m
[0m[[0m[0mdebug[0m] [0m[0m                                      Load.resolveProject(sbt-tutorial-build-build) took 4.762875ms[0m
[0m[[0m[0mdebug[0m] [0m[0m                                    Load.loadTransitive: finalizeProject(Project(id sbt-tutorial-build-build, base: /Users/coreycosman/sbt-tutorial/project/project, plugins: List(<none>))) took 8.589375ms[0m
[0m[[0m[0mdebug[0m] [0m[0m[Loading] Done in /Users/coreycosman/sbt-tutorial/project/project, returning: (sbt-tutorial-build-build)[0m
[0m[[0m[0mdebug[0m] [0m[0m                                  Load.loadUnit: loadedProjectsRaw took 31.381958ms[0m
[0m[[0m[0mdebug[0m] [0m[0m                                  Load.loadUnit: cleanEvalClasses took 1.293375ms[0m
[0m[[0m[0mdebug[0m] [0m[0m                                Load.loadUnit(file:/Users/coreycosman/sbt-tutorial/project/project/, ...) took 51.302167ms[0m
[0m[[0m[0mdebug[0m] [0m[0m                              Load.apply: load took 52.521458ms[0m
[0m[[0m[0mdebug[0m] [0m[0m                              Load.apply: resolveProjects took 0.467166ms[0m
[0m[[0m[0mdebug[0m] [0m[0m                              Load.apply: finalTransforms took 11.548583ms[0m
[0m[[0m[0mdebug[0m] [0m[0m                              Load.apply: config.delegates took 1.874208ms[0m
[0m[[0m[0mdebug[0m] [0m[0m                              Load.apply: Def.make(settings)... took 96.232042ms[0m
[0m[[0m[0mdebug[0m] [0m[0m                              Load.apply: structureIndex took 39.542667ms[0m
[0m[[0m[0mdebug[0m] [0m[0m                              Load.apply: mkStreams took 0.002541ms[0m
[0m[[0m[0minfo[0m] [0m[0mloading project definition from /Users/coreycosman/sbt-tutorial/project/project[0m
[0m[[0m[0mdebug[0m] [0m[0mRunning task... Cancel: Signal, check cycles: false, forcegc: true[0m
[0m[[0m[0mdebug[0m] [0m[0m                            Load.loadUnit: plugins took 378.286042ms[0m
[0m[[0m[0mdebug[0m] [0m[0m                            Load.loadUnit: defsScala took 0.002291ms[0m
[0m[[0m[0mdebug[0m] [0m[0m[Loading] Scanning directory /Users/coreycosman/sbt-tutorial/project[0m
[0m[[0m[0mdebug[0m] [0m[0m                              Load.loadUnit: mkEval took 0.1285ms[0m
[0m[[0m[0mdebug[0m] [0m[0m[Loading] Found non-root projects [0m
[0m[[0m[0mdebug[0m] [0m[0m[Loading] Done in /Users/coreycosman/sbt-tutorial/project, returning: ()[0m
[0m[[0m[0mdebug[0m] [0m[0mdeducing auto plugins based on known facts Set(Atom(sbt.plugins.CorePlugin)) and clauses Clauses(Clause(Atom(sbt.plugins.JvmPlugin),Set(Atom(sbt.plugins.IvyPlugin)))[0m
[0m[[0m[0mdebug[0m] [0m[0mClause(Atom(sbt.ScriptedPlugin),Set(Atom(sbt.plugins.JvmPlugin)))[0m
[0m[[0m[0mdebug[0m] [0m[0mClause(Atom(sbt.plugins.SbtPlugin),Set(Atom(sbt.ScriptedPlugin)))[0m
[0m[[0m[0mdebug[0m] [0m[0mClause(Atom(sbt.plugins.SemanticdbPlugin),Set(Atom(sbt.plugins.JvmPlugin)))[0m
[0m[[0m[0mdebug[0m] [0m[0mClause(Atom(sbt.plugins.JUnitXmlReportPlugin),Set(Atom(sbt.plugins.JvmPlugin)))[0m
[0m[[0m[0mdebug[0m] [0m[0mClause(Atom(sbt.plugins.MiniDependencyTreePlugin),Set(Atom(sbt.plugins.JvmPlugin)))[0m
[0m[[0m[0mdebug[0m] [0m[0mClause(Atom(bloop.integrations.sbt.BloopPlugin),Set(Atom(sbt.plugins.JvmPlugin)))[0m
[0m[[0m[0mdebug[0m] [0m[0mClause(Atom(sbt.plugins.CorePlugin),Set(Atom(sbt.plugins.IvyPlugin)))[0m
[0m[[0m[0mdebug[0m] [0m[0mClause(Atom(sbt.plugins.IvyPlugin),Set(Atom(sbt.plugins.JvmPlugin)))[0m
[0m[[0m[0mdebug[0m] [0m[0mClause(Atom(sbt.plugins.JvmPlugin),Set(Atom(sbt.plugins.SemanticdbPlugin)))[0m
[0m[[0m[0mdebug[0m] [0m[0mClause(Atom(sbt.plugins.JvmPlugin),Set(Atom(sbt.plugins.JUnitXmlReportPlugin)))[0m
[0m[[0m[0mdebug[0m] [0m[0mClause(Atom(sbt.plugins.CorePlugin),Set(Atom(sbt.plugins.Giter8TemplatePlugin)))[0m
[0m[[0m[0mdebug[0m] [0m[0mClause(Atom(sbt.plugins.JvmPlugin),Set(Atom(sbt.plugins.MiniDependencyTreePlugin)))[0m
[0m[[0m[0mdebug[0m] [0m[0mClause(Atom(sbt.plugins.JvmPlugin),Set(Atom(bloop.integrations.sbt.BloopPlugin))))[0m
[0m[[0m[0mdebug[0m] [0m[0m  :: deduced result: Matched(sbt.plugins.CorePlugin,sbt.plugins.Giter8TemplatePlugin,sbt.plugins.IvyPlugin,sbt.plugins.JvmPlugin,bloop.integrations.sbt.BloopPlugin,sbt.plugins.MiniDependencyTreePlugin,sbt.plugins.JUnitXmlReportPlugin,sbt.plugins.SemanticdbPlugin)[0m
[0m[[0m[0mdebug[0m] [0m[0mPlugins.deducer#function took 1.788042 ms[0m
[0m[[0m[0minfo[0m] [0m[0mloading settings for project sbt-tutorial-build from metals.sbt ...[0m
[0m[[0m[0mdebug[0m] [0m[0m                                Load.resolveProject(sbt-tutorial-build) took 21.362625ms[0m
[0m[[0m[0mdebug[0m] [0m[0m                              Load.loadTransitive: finalizeProject(Project(id sbt-tutorial-build, base: /Users/coreycosman/sbt-tutorial/project, plugins: List(<none>))) took 23.64575ms[0m
[0m[[0m[0mdebug[0m] [0m[0m[Loading] Done in /Users/coreycosman/sbt-tutorial/project, returning: (sbt-tutorial-build)[0m
[0m[[0m[0mdebug[0m] [0m[0m                            Load.loadUnit: loadedProjectsRaw took 38.419834ms[0m
[0m[[0m[0mdebug[0m] [0m[0m                            Load.loadUnit: cleanEvalClasses took 0.527125ms[0m
[0m[[0m[0mdebug[0m] [0m[0m                          Load.loadUnit(file:/Users/coreycosman/sbt-tutorial/project/, ...) took 418.408ms[0m
[0m[[0m[0mdebug[0m] [0m[0m                        Load.apply: load took 419.602417ms[0m
[0m[[0m[0mdebug[0m] [0m[0m                        Load.apply: resolveProjects took 0.12475ms[0m
[0m[[0m[0mdebug[0m] [0m[0m                        Load.apply: finalTransforms took 9.995083ms[0m
[0m[[0m[0mdebug[0m] [0m[0m                        Load.apply: config.delegates took 0.268083ms[0m
[0m[[0m[0mdebug[0m] [0m[0m                        Load.apply: Def.make(settings)... took 80.50175ms[0m
[0m[[0m[0mdebug[0m] [0m[0m                        Load.apply: structureIndex took 16.298375ms[0m
[0m[[0m[0mdebug[0m] [0m[0m                        Load.apply: mkStreams took 0.001916ms[0m
[0m[[0m[0minfo[0m] [0m[0mloading project definition from /Users/coreycosman/sbt-tutorial/project[0m
[0m[[0m[0mdebug[0m] [0m[0mEvaluating tasks: bloopInstall[0m
[0m[[0m[0mdebug[0m] [0m[0mRunning task... Cancel: Signal, check cycles: false, forcegc: true[0m
[0m[[0m[32msuccess[0m] [0m[0mGenerated .bloop/sbt-tutorial-build.json[0m
[0m[[0m[32msuccess[0m] [0m[0mTotal time: 0 s, completed 13-Feb-2023 1:36:24 PM[0m
[0m[[0m[0mdebug[0m] [0m[0mRunning task... Cancel: Signal, check cycles: false, forcegc: true[0m
[0m[[0m[0mdebug[0m] [0m[0m                      Load.loadUnit: plugins took 1159.649292ms[0m
[0m[[0m[0mdebug[0m] [0m[0m                      Load.loadUnit: defsScala took 0.002125ms[0m
[0m[[0m[0mdebug[0m] [0m[0m[Loading] Scanning directory /Users/coreycosman/sbt-tutorial[0m
[0m[[0m[0mdebug[0m] [0m[0m                        Load.loadUnit: mkEval took 0.381291ms[0m
[0m[[0m[31merror[0m] [0m[0mType error in expression[0m
[0m[[0m[0mdebug[0m] [0m[0m> Exec(loadFailed, None, None)[0m
[0m[[0m[33mwarn[0m] [0m[0mProject loading failed: (r)etry, (q)uit, (l)ast, or (i)gnore? (default: r)[0m
[0m[[0m[33mwarn[0m] [0m[0mProject loading failed: (r)etry, (q)uit, (l)ast, or (i)gnore? (default: r)[0m
[0m[[0m[33mwarn[0m] [0m[0mProject loading failed: (r)etry, (q)uit, (l)ast, or (i)gnore? (default: r)[0m
[0m[[0m[0mdebug[0m] [0m[0m> Exec(last, None, None)[0m
[0m[[0m[0mdebug[0m] [0m[0m> Exec(loadFailed, None, None)[0m
[0m[[0m[33mwarn[0m] [0m[0mProject loading failed: (r)etry, (q)uit, (l)ast, or (i)gnore? (default: r)[0m
[0m[[0m[33mwarn[0m] [0m[0mProject loading failed: (r)etry, (q)uit, (l)ast, or (i)gnore? (default: r)[0m
[0m[[0m[33mwarn[0m] [0m[0mProject loading failed: (r)etry, (q)uit, (l)ast, or (i)gnore? (default: r)[0m
